14:23:39.747 Running build in Washington, D.C., USA (East) ‚Äì iad1
14:23:39.747 Build machine configuration: 4 cores, 8 GB
14:23:39.858 Cloning github.com/noble-hunt/AXLE (Branch: main, Commit: f8acf0d)
14:23:43.262 Cloning completed: 3.404s
14:23:43.432 Restored build cache from previous deployment (4qSShBP3vFyub9ySVYroC6m6cMBY)
14:23:44.368 Running "vercel build"
14:23:44.780 Vercel CLI 48.10.3
14:23:45.671 Running "install" command: `npm ci`...
14:23:51.377 npm warn deprecated sourcemap-codec@1.4.8: Please use @jridgewell/sourcemap-codec instead
14:23:52.808 npm warn deprecated inflight@1.0.6: This module is not supported, and leaks memory. Do not use it. Check out lru-cache if you want a good and tested way to coalesce async requests by a key value, which is much more comprehensive and powerful.
14:23:56.736 npm warn deprecated glob@7.2.3: Glob versions prior to v9 are no longer supported
14:23:57.127 npm warn deprecated glob@8.1.0: Glob versions prior to v9 are no longer supported
14:23:57.342 npm warn deprecated source-map@0.8.0-beta.0: The work that was done in this beta branch won't be included in future versions
14:24:05.446 
14:24:05.446 added 1263 packages, and audited 1264 packages in 20s
14:24:05.447 
14:24:05.447 216 packages are looking for funding
14:24:05.447   run `npm fund` for details
14:24:05.471 
14:24:05.471 5 vulnerabilities (2 moderate, 3 high)
14:24:05.471 
14:24:05.471 To address issues that do not require attention, run:
14:24:05.471   npm audit fix
14:24:05.471 
14:24:05.471 To address all issues (including breaking changes), run:
14:24:05.471   npm audit fix --force
14:24:05.472 
14:24:05.472 Run `npm audit` for details.
14:24:05.831 
14:24:05.831 > rest-express@1.0.0 build
14:24:05.831 > vite build && esbuild server/index.ts --platform=node --packages=external --bundle --format=esm --outdir=dist
14:24:05.831 
14:24:06.142 [36mvite v7.2.2 [32mbuilding client environment for production...[36m[39m
14:24:06.501 transforming...
14:24:16.629 [32m‚úì[39m 4142 modules transformed.
14:24:17.263 rendering chunks...
14:24:17.905 [33m[plugin vite:reporter] 
14:24:17.906 (!) /vercel/path0/client/src/lib/supabase.ts is dynamically imported by /vercel/path0/client/src/features/workouts/generator/WorkoutWizard.tsx, /vercel/path0/client/src/features/workouts/generator/WorkoutWizard.tsx but also statically imported by /vercel/path0/client/src/App.tsx, /vercel/path0/client/src/components/auth/ProtectedRoute.tsx, /vercel/path0/client/src/features/groups/api.ts, /vercel/path0/client/src/features/groups/hooks/useGroupPostsRealtime.ts, /vercel/path0/client/src/hooks/useGroupRealtime.tsx, /vercel/path0/client/src/lib/authFetch.ts, /vercel/path0/client/src/lib/queryClient.ts, /vercel/path0/client/src/pages/EditProfile.tsx, /vercel/path0/client/src/pages/auth/Callback.tsx, /vercel/path0/client/src/pages/auth/Login.tsx, /vercel/path0/client/src/pages/auth/Register.tsx, /vercel/path0/client/src/pages/auth/ResetPassword.tsx, /vercel/path0/client/src/pages/connect.tsx, /vercel/path0/client/src/pages/dev/Debug.tsx, /vercel/path0/client/src/pages/groups/GroupFeed.tsx, /vercel/path0/client/src/pages/groups/JoinGroupPage.tsx, /vercel/path0/client/src/pages/profile.tsx, dynamic import will not move module into another chunk.
14:24:17.907 [39m
14:24:17.907 [33m[plugin vite:reporter] 
14:24:17.908 (!) /vercel/path0/client/src/lib/queryClient.ts is dynamically imported by /vercel/path0/client/src/features/workouts/generator/WorkoutWizard.tsx, /vercel/path0/client/src/pages/workout-detail.tsx, /vercel/path0/client/src/store/useAppStore.ts, /vercel/path0/client/src/store/useAppStore.ts, /vercel/path0/client/src/store/useAppStore.ts, /vercel/path0/client/src/store/useAppStore.ts, /vercel/path0/client/src/store/useAppStore.ts, /vercel/path0/client/src/store/useAppStore.ts, /vercel/path0/client/src/store/useAppStore.ts, /vercel/path0/client/src/store/useAppStore.ts, /vercel/path0/client/src/store/useAppStore.ts, /vercel/path0/client/src/store/useAppStore.ts, /vercel/path0/client/src/store/useAppStore.ts, /vercel/path0/client/src/store/useAppStore.ts, /vercel/path0/client/src/store/useAppStore.ts, /vercel/path0/client/src/store/useAppStore.ts, /vercel/path0/client/src/store/useAppStore.ts, /vercel/path0/client/src/store/useAppStore.ts, /vercel/path0/client/src/store/useAppStore.ts, /vercel/path0/client/src/store/useAppStore.ts, /vercel/path0/client/src/store/useAppStore.ts, /vercel/path0/client/src/store/useAppStore.ts, /vercel/path0/client/src/store/useAppStore.ts but also statically imported by /vercel/path0/client/src/App.tsx, /vercel/path0/client/src/components/groups/EventRsvpButtons.tsx, /vercel/path0/client/src/components/reports/ReportPreferencesSheet.tsx, /vercel/path0/client/src/lib/geo.ts, /vercel/path0/client/src/pages/groups/GroupFeed.tsx, /vercel/path0/client/src/pages/reports.tsx, /vercel/path0/client/src/pages/workout-detail.tsx, dynamic import will not move module into another chunk.
14:24:17.908 [39m
14:24:17.910 [33m[plugin vite:reporter] 
14:24:17.911 (!) /vercel/path0/client/src/store/useAppStore.ts is dynamically imported by /vercel/path0/client/src/features/workouts/generator/WorkoutWizard.tsx but also statically imported by /vercel/path0/client/src/App.tsx, /vercel/path0/client/src/components/common/movement-card.tsx, /vercel/path0/client/src/components/groups/EventReminderBanner.tsx, /vercel/path0/client/src/components/groups/EventRsvpButtons.tsx, /vercel/path0/client/src/components/groups/GroupsShortcutCard.tsx, /vercel/path0/client/src/components/health/MetricCard.tsx, /vercel/path0/client/src/components/reports/ReportPreferencesSheet.tsx, /vercel/path0/client/src/components/workouts/DailySuggestionCard.tsx, /vercel/path0/client/src/features/workouts/generator/WorkoutWizard.tsx, /vercel/path0/client/src/features/workouts/useDailySuggestion.ts, /vercel/path0/client/src/hooks/useGroupRealtime.tsx, /vercel/path0/client/src/pages/EditProfile.tsx, /vercel/path0/client/src/pages/achievements.tsx, /vercel/path0/client/src/pages/connect.tsx, /vercel/path0/client/src/pages/groups/GroupFeed.tsx, /vercel/path0/client/src/pages/health.tsx, /vercel/path0/client/src/pages/history.tsx, /vercel/path0/client/src/pages/home.tsx, /vercel/path0/client/src/pages/pr-stats.tsx, /vercel/path0/client/src/pages/profile.tsx, /vercel/path0/client/src/pages/prs.tsx, /vercel/path0/client/src/pages/reports.tsx, /vercel/path0/client/src/pages/stats-overview.tsx, /vercel/path0/client/src/pages/workout-detail.tsx, /vercel/path0/client/src/pages/workout.tsx, /vercel/path0/client/src/pages/workout/LogFreeform.tsx, dynamic import will not move module into another chunk.
14:24:17.911 [39m
14:24:17.914 [33m[plugin vite:reporter] 
14:24:17.914 (!) /vercel/path0/client/src/lib/authFetch.ts is dynamically imported by /vercel/path0/client/src/store/useAppStore.ts, /vercel/path0/client/src/store/useAppStore.ts, /vercel/path0/client/src/store/useAppStore.ts, /vercel/path0/client/src/store/useAppStore.ts but also statically imported by /vercel/path0/client/src/features/voice/api.ts, /vercel/path0/client/src/features/workouts/freeformApi.ts, /vercel/path0/client/src/features/workouts/suggest/api.ts, /vercel/path0/client/src/pages/dev/Debug.tsx, /vercel/path0/client/src/pages/groups.tsx, /vercel/path0/client/src/pages/groups/GroupFeed.tsx, /vercel/path0/client/src/pages/groups/GroupJoin.tsx, /vercel/path0/client/src/pages/groups/NewGroup.tsx, /vercel/path0/client/src/pages/profile.tsx, dynamic import will not move module into another chunk.
14:24:17.916 [39m
14:24:17.916 [33m[plugin vite:reporter] 
14:24:17.916 (!) /vercel/path0/client/src/lib/routes.ts is dynamically imported by /vercel/path0/client/src/features/workouts/generator/WorkoutWizard.tsx but also statically imported by /vercel/path0/client/src/pages/workout-detail.tsx, /vercel/path0/client/src/pages/workout.tsx, dynamic import will not move module into another chunk.
14:24:17.917 [39m
14:24:17.925 [33m[plugin vite:reporter] 
14:24:17.925 (!) /vercel/path0/client/src/lib/http.ts is dynamically imported by /vercel/path0/client/src/features/workouts/generator/WorkoutWizard.tsx, /vercel/path0/client/src/features/workouts/generator/WorkoutWizard.tsx, /vercel/path0/client/src/pages/connect.tsx but also statically imported by /vercel/path0/client/src/features/groups/api.ts, /vercel/path0/client/src/features/workouts/generator/api.ts, /vercel/path0/client/src/lib/pushNotifications.ts, /vercel/path0/client/src/lib/webpush.ts, /vercel/path0/client/src/pages/connect.tsx, /vercel/path0/client/src/pages/dev/Debug.tsx, /vercel/path0/client/src/pages/groups/GroupFeed.tsx, dynamic import will not move module into another chunk.
14:24:17.926 [39m
14:24:18.055 computing gzip size...
14:24:18.208 [2m../dist/[22m[32mindex.html                 [39m[1m[2m    4.55 kB[22m[1m[22m[2m ‚îÇ gzip:   1.61 kB[22m
14:24:18.213 [2m../dist/[22m[2massets/[22m[35mindex-hGg0RIza.css  [39m[1m[2m  115.42 kB[22m[1m[22m[2m ‚îÇ gzip:  18.75 kB[22m
14:24:18.214 [2m../dist/[22m[2massets/[22m[36mgeo-BV4Ff7mQ.js     [39m[1m[2m    1.68 kB[22m[1m[22m[2m ‚îÇ gzip:   0.86 kB[22m
14:24:18.214 [2m../dist/[22m[2massets/[22m[36mweb-DsvOdkV6.js     [39m[1m[2m    3.43 kB[22m[1m[22m[2m ‚îÇ gzip:   1.09 kB[22m
14:24:18.214 [2m../dist/[22m[2massets/[22m[36mindex-DqjZev6r.js   [39m[1m[33m1,873.24 kB[39m[22m[2m ‚îÇ gzip: 529.84 kB[22m
14:24:18.214 [33m
14:24:18.215 (!) Some chunks are larger than 500 kB after minification. Consider:
14:24:18.215 - Using dynamic import() to code-split the application
14:24:18.215 - Use build.rollupOptions.output.manualChunks to improve chunking: https://rollupjs.org/configuration-options/#output-manualchunks
14:24:18.215 - Adjust chunk size limit for this warning via build.chunkSizeWarningLimit.[39m
14:24:18.216 [32m‚úì built in 12.04s[39m
14:24:18.485 
14:24:18.485   dist/index.js  1.2mb ‚ö†Ô∏è
14:24:18.485 
14:24:18.485 ‚ö° Done in 55ms
14:24:18.584 Installing dependencies...
14:24:20.580 
14:24:20.581 up to date in 2s
14:24:20.581 
14:24:20.581 216 packages are looking for funding
14:24:20.581   run `npm fund` for details
14:24:20.883 Using TypeScript 5.9.3 (local user-provided)
14:24:26.905 Using TypeScript 5.9.3 (local user-provided)
14:24:27.954 Using TypeScript 5.9.3 (local user-provided)
14:24:29.351 Using TypeScript 5.9.3 (local user-provided)
14:24:30.280 Using TypeScript 5.9.3 (local user-provided)
14:24:31.179 Using TypeScript 5.9.3 (local user-provided)
14:24:32.072 Using TypeScript 5.9.3 (local user-provided)
14:24:33.047 Using TypeScript 5.9.3 (local user-provided)
14:24:33.608 Using TypeScript 5.9.3 (local user-provided)
14:24:34.189 Using TypeScript 5.9.3 (local user-provided)
14:24:35.075 Using TypeScript 5.9.3 (local user-provided)
14:24:35.634 Using TypeScript 5.9.3 (local user-provided)
14:24:36.713 Using TypeScript 5.9.3 (local user-provided)
14:24:38.923 server/routes/suggestions.ts(364,29): error TS18047: 'dbWorkout' is possibly 'null'.
14:24:38.923 server/routes/suggestions.ts(371,51): error TS18047: 'dbWorkout' is possibly 'null'.
14:24:38.923 server/routes/suggestions.ts(377,22): error TS18047: 'dbWorkout' is possibly 'null'.
14:24:38.923 server/routes/suggestions.ts(381,15): error TS18047: 'dbWorkout' is possibly 'null'.
14:24:38.923 server/routes/suggestions.ts(382,17): error TS18047: 'dbWorkout' is possibly 'null'.
14:24:38.923 
14:24:39.037 server/routes/workout-freeform.ts(215,36): error TS2339: Property 'generationId' does not exist on type '{ id: any; userId: any; title: any; request: any; sets: any; notes: any; completed: any; feedback: any; startedAt: any; createdAt: any; totalActiveMinutes: any; intensity: any; energySystem: any; }'.
14:24:39.037 
14:24:39.074 server/routes/whisper-transcription.ts(121,28): error TS2322: Type 'Buffer<ArrayBufferLike>' is not assignable to type 'BlobPart'.
14:24:39.074   Type 'Buffer<ArrayBufferLike>' is not assignable to type 'ArrayBufferView<ArrayBuffer>'.
14:24:39.074     Types of property 'buffer' are incompatible.
14:24:39.074       Type 'ArrayBufferLike' is not assignable to type 'ArrayBuffer'.
14:24:39.074         Type 'SharedArrayBuffer' is missing the following properties from type 'ArrayBuffer': resizable, resize, detached, transfer, transferToFixedLength
14:24:39.074 
14:24:43.138 server/storage.ts(78,11): error TS2740: Type '{ userId: `${string}-${string}-${string}-${string}-${string}`; username: string | null; firstName: string | null; lastName: string | null; avatarUrl: string | null; dateOfBirth: string | null; preferredUnit: string; ... 5 more ...; createdAt: Date; }' is missing the following properties from type '{ userId: string; username: string | null; firstName: string | null; lastName: string | null; avatarUrl: string | null; dateOfBirth: string | null; preferredUnit: string; favoriteMovements: string[]; ... 10 more ...; createdAt: Date | null; }': reportFrequency, reportWeeklyDay, reportMonthlyDay, reportDeliveryTime, and 2 more.
14:24:43.138 
14:24:49.198 Build Completed in /vercel/output [1m]
14:24:49.885 Deploying outputs...
14:24:59.334 Deployment completed
14:24:59.989 Creating build cache...
14:27:34.936 Created build cache: 2:34.946 (m:ss.mmm)
14:27:34.937 Uploading build cache [126.14 MB]
14:27:42.202 Build cache uploaded: 7.266s