14:06:55.238 Running build in Washington, D.C., USA (East) ‚Äì iad1
14:06:55.239 Build machine configuration: 4 cores, 8 GB
14:06:55.248 Cloning github.com/noble-hunt/AXLE (Branch: main, Commit: 672a352)
14:06:55.249 Skipping build cache, deployment was triggered without cache.
14:06:58.701 Cloning completed: 3.453s
14:06:59.150 Running "vercel build"
14:06:59.566 Vercel CLI 48.10.3
14:07:00.394 Running "install" command: `npm ci`...
14:07:04.467 npm warn deprecated sourcemap-codec@1.4.8: Please use @jridgewell/sourcemap-codec instead
14:07:06.052 npm warn deprecated inflight@1.0.6: This module is not supported, and leaks memory. Do not use it. Check out lru-cache if you want a good and tested way to coalesce async requests by a key value, which is much more comprehensive and powerful.
14:07:09.761 npm warn deprecated glob@7.2.3: Glob versions prior to v9 are no longer supported
14:07:10.208 npm warn deprecated glob@8.1.0: Glob versions prior to v9 are no longer supported
14:07:10.382 npm warn deprecated source-map@0.8.0-beta.0: The work that was done in this beta branch won't be included in future versions
14:07:18.045 
14:07:18.045 added 1263 packages, and audited 1264 packages in 17s
14:07:18.045 
14:07:18.045 216 packages are looking for funding
14:07:18.045   run `npm fund` for details
14:07:18.070 
14:07:18.070 5 vulnerabilities (2 moderate, 3 high)
14:07:18.070 
14:07:18.070 To address issues that do not require attention, run:
14:07:18.070   npm audit fix
14:07:18.070 
14:07:18.070 To address all issues (including breaking changes), run:
14:07:18.070   npm audit fix --force
14:07:18.070 
14:07:18.070 Run `npm audit` for details.
14:07:18.365 
14:07:18.365 > rest-express@1.0.0 build
14:07:18.365 > vite build && esbuild server/index.ts --platform=node --packages=external --bundle --format=esm --outdir=dist
14:07:18.365 
14:07:19.442 [36mvite v7.2.2 [32mbuilding client environment for production...[36m[39m
14:07:19.797 transforming...
14:07:29.823 [32m‚úì[39m 4142 modules transformed.
14:07:30.426 rendering chunks...
14:07:31.046 [33m[plugin vite:reporter] 
14:07:31.046 (!) /vercel/path0/client/src/lib/supabase.ts is dynamically imported by /vercel/path0/client/src/features/workouts/generator/WorkoutWizard.tsx, /vercel/path0/client/src/features/workouts/generator/WorkoutWizard.tsx but also statically imported by /vercel/path0/client/src/App.tsx, /vercel/path0/client/src/components/auth/ProtectedRoute.tsx, /vercel/path0/client/src/features/groups/api.ts, /vercel/path0/client/src/features/groups/hooks/useGroupPostsRealtime.ts, /vercel/path0/client/src/hooks/useGroupRealtime.tsx, /vercel/path0/client/src/lib/authFetch.ts, /vercel/path0/client/src/lib/queryClient.ts, /vercel/path0/client/src/pages/EditProfile.tsx, /vercel/path0/client/src/pages/auth/Callback.tsx, /vercel/path0/client/src/pages/auth/Login.tsx, /vercel/path0/client/src/pages/auth/Register.tsx, /vercel/path0/client/src/pages/auth/ResetPassword.tsx, /vercel/path0/client/src/pages/connect.tsx, /vercel/path0/client/src/pages/dev/Debug.tsx, /vercel/path0/client/src/pages/groups/GroupFeed.tsx, /vercel/path0/client/src/pages/groups/JoinGroupPage.tsx, /vercel/path0/client/src/pages/profile.tsx, dynamic import will not move module into another chunk.
14:07:31.047 [39m
14:07:31.047 [33m[plugin vite:reporter] 
14:07:31.048 (!) /vercel/path0/client/src/lib/queryClient.ts is dynamically imported by /vercel/path0/client/src/features/workouts/generator/WorkoutWizard.tsx, /vercel/path0/client/src/pages/workout-detail.tsx, /vercel/path0/client/src/store/useAppStore.ts, /vercel/path0/client/src/store/useAppStore.ts, /vercel/path0/client/src/store/useAppStore.ts, /vercel/path0/client/src/store/useAppStore.ts, /vercel/path0/client/src/store/useAppStore.ts, /vercel/path0/client/src/store/useAppStore.ts, /vercel/path0/client/src/store/useAppStore.ts, /vercel/path0/client/src/store/useAppStore.ts, /vercel/path0/client/src/store/useAppStore.ts, /vercel/path0/client/src/store/useAppStore.ts, /vercel/path0/client/src/store/useAppStore.ts, /vercel/path0/client/src/store/useAppStore.ts, /vercel/path0/client/src/store/useAppStore.ts, /vercel/path0/client/src/store/useAppStore.ts, /vercel/path0/client/src/store/useAppStore.ts, /vercel/path0/client/src/store/useAppStore.ts, /vercel/path0/client/src/store/useAppStore.ts, /vercel/path0/client/src/store/useAppStore.ts, /vercel/path0/client/src/store/useAppStore.ts, /vercel/path0/client/src/store/useAppStore.ts, /vercel/path0/client/src/store/useAppStore.ts but also statically imported by /vercel/path0/client/src/App.tsx, /vercel/path0/client/src/components/groups/EventRsvpButtons.tsx, /vercel/path0/client/src/components/reports/ReportPreferencesSheet.tsx, /vercel/path0/client/src/lib/geo.ts, /vercel/path0/client/src/pages/groups/GroupFeed.tsx, /vercel/path0/client/src/pages/reports.tsx, /vercel/path0/client/src/pages/workout-detail.tsx, dynamic import will not move module into another chunk.
14:07:31.048 [39m
14:07:31.048 [33m[plugin vite:reporter] 
14:07:31.049 (!) /vercel/path0/client/src/store/useAppStore.ts is dynamically imported by /vercel/path0/client/src/features/workouts/generator/WorkoutWizard.tsx but also statically imported by /vercel/path0/client/src/App.tsx, /vercel/path0/client/src/components/common/movement-card.tsx, /vercel/path0/client/src/components/groups/EventReminderBanner.tsx, /vercel/path0/client/src/components/groups/EventRsvpButtons.tsx, /vercel/path0/client/src/components/groups/GroupsShortcutCard.tsx, /vercel/path0/client/src/components/health/MetricCard.tsx, /vercel/path0/client/src/components/reports/ReportPreferencesSheet.tsx, /vercel/path0/client/src/components/workouts/DailySuggestionCard.tsx, /vercel/path0/client/src/features/workouts/generator/WorkoutWizard.tsx, /vercel/path0/client/src/features/workouts/useDailySuggestion.ts, /vercel/path0/client/src/hooks/useGroupRealtime.tsx, /vercel/path0/client/src/pages/EditProfile.tsx, /vercel/path0/client/src/pages/achievements.tsx, /vercel/path0/client/src/pages/connect.tsx, /vercel/path0/client/src/pages/groups/GroupFeed.tsx, /vercel/path0/client/src/pages/health.tsx, /vercel/path0/client/src/pages/history.tsx, /vercel/path0/client/src/pages/home.tsx, /vercel/path0/client/src/pages/pr-stats.tsx, /vercel/path0/client/src/pages/profile.tsx, /vercel/path0/client/src/pages/prs.tsx, /vercel/path0/client/src/pages/reports.tsx, /vercel/path0/client/src/pages/stats-overview.tsx, /vercel/path0/client/src/pages/workout-detail.tsx, /vercel/path0/client/src/pages/workout.tsx, /vercel/path0/client/src/pages/workout/LogFreeform.tsx, dynamic import will not move module into another chunk.
14:07:31.049 [39m
14:07:31.049 [33m[plugin vite:reporter] 
14:07:31.049 (!) /vercel/path0/client/src/lib/authFetch.ts is dynamically imported by /vercel/path0/client/src/store/useAppStore.ts, /vercel/path0/client/src/store/useAppStore.ts, /vercel/path0/client/src/store/useAppStore.ts, /vercel/path0/client/src/store/useAppStore.ts but also statically imported by /vercel/path0/client/src/features/voice/api.ts, /vercel/path0/client/src/features/workouts/freeformApi.ts, /vercel/path0/client/src/features/workouts/suggest/api.ts, /vercel/path0/client/src/pages/dev/Debug.tsx, /vercel/path0/client/src/pages/groups.tsx, /vercel/path0/client/src/pages/groups/GroupFeed.tsx, /vercel/path0/client/src/pages/groups/GroupJoin.tsx, /vercel/path0/client/src/pages/groups/NewGroup.tsx, /vercel/path0/client/src/pages/profile.tsx, dynamic import will not move module into another chunk.
14:07:31.049 [39m
14:07:31.050 [33m[plugin vite:reporter] 
14:07:31.050 (!) /vercel/path0/client/src/lib/routes.ts is dynamically imported by /vercel/path0/client/src/features/workouts/generator/WorkoutWizard.tsx but also statically imported by /vercel/path0/client/src/pages/workout-detail.tsx, /vercel/path0/client/src/pages/workout.tsx, dynamic import will not move module into another chunk.
14:07:31.050 [39m
14:07:31.052 [33m[plugin vite:reporter] 
14:07:31.052 (!) /vercel/path0/client/src/lib/http.ts is dynamically imported by /vercel/path0/client/src/features/workouts/generator/WorkoutWizard.tsx, /vercel/path0/client/src/features/workouts/generator/WorkoutWizard.tsx, /vercel/path0/client/src/pages/connect.tsx but also statically imported by /vercel/path0/client/src/features/groups/api.ts, /vercel/path0/client/src/features/workouts/generator/api.ts, /vercel/path0/client/src/lib/pushNotifications.ts, /vercel/path0/client/src/lib/webpush.ts, /vercel/path0/client/src/pages/connect.tsx, /vercel/path0/client/src/pages/dev/Debug.tsx, /vercel/path0/client/src/pages/groups/GroupFeed.tsx, dynamic import will not move module into another chunk.
14:07:31.052 [39m
14:07:31.113 computing gzip size...
14:07:31.165 [2m../dist/[22m[32mindex.html                 [39m[1m[2m    4.55 kB[22m[1m[22m[2m ‚îÇ gzip:   1.61 kB[22m
14:07:31.165 [2m../dist/[22m[2massets/[22m[35mindex-hGg0RIza.css  [39m[1m[2m  115.42 kB[22m[1m[22m[2m ‚îÇ gzip:  18.75 kB[22m
14:07:31.165 [2m../dist/[22m[2massets/[22m[36mgeo-BV4Ff7mQ.js     [39m[1m[2m    1.68 kB[22m[1m[22m[2m ‚îÇ gzip:   0.86 kB[22m
14:07:31.166 [2m../dist/[22m[2massets/[22m[36mweb-DsvOdkV6.js     [39m[1m[2m    3.43 kB[22m[1m[22m[2m ‚îÇ gzip:   1.09 kB[22m
14:07:31.166 [2m../dist/[22m[2massets/[22m[36mindex-DqjZev6r.js   [39m[1m[33m1,873.24 kB[39m[22m[2m ‚îÇ gzip: 529.84 kB[22m
14:07:31.166 [33m
14:07:31.166 (!) Some chunks are larger than 500 kB after minification. Consider:
14:07:31.166 - Using dynamic import() to code-split the application
14:07:31.166 - Use build.rollupOptions.output.manualChunks to improve chunking: https://rollupjs.org/configuration-options/#output-manualchunks
14:07:31.166 - Adjust chunk size limit for this warning via build.chunkSizeWarningLimit.[39m
14:07:31.171 [32m‚úì built in 11.69s[39m
14:07:31.307 
14:07:31.308   dist/index.js  1.2mb ‚ö†Ô∏è
14:07:31.308 
14:07:31.308 ‚ö° Done in 57ms
14:07:31.378 Installing dependencies...
14:07:33.395 
14:07:33.395 up to date in 2s
14:07:33.395 
14:07:33.395 216 packages are looking for funding
14:07:33.395   run `npm fund` for details
14:07:33.690 Using TypeScript 5.9.3 (local user-provided)
14:07:39.660 Using TypeScript 5.9.3 (local user-provided)
14:07:40.496 Using TypeScript 5.9.3 (local user-provided)
14:07:41.894 Using TypeScript 5.9.3 (local user-provided)
14:07:42.822 Using TypeScript 5.9.3 (local user-provided)
14:07:43.696 Using TypeScript 5.9.3 (local user-provided)
14:07:44.574 Using TypeScript 5.9.3 (local user-provided)
14:07:45.579 Using TypeScript 5.9.3 (local user-provided)
14:07:46.123 Using TypeScript 5.9.3 (local user-provided)
14:07:46.789 Using TypeScript 5.9.3 (local user-provided)
14:07:47.660 Using TypeScript 5.9.3 (local user-provided)
14:07:48.208 Using TypeScript 5.9.3 (local user-provided)
14:07:49.233 Using TypeScript 5.9.3 (local user-provided)
14:07:51.064 server/routes/suggestions.ts(51,40): error TS18047: 'db' is possibly 'null'.
14:07:51.064 server/routes/suggestions.ts(119,35): error TS18047: 'db' is possibly 'null'.
14:07:51.064 server/routes/suggestions.ts(130,40): error TS18047: 'db' is possibly 'null'.
14:07:51.064 server/routes/suggestions.ts(222,42): error TS18047: 'db' is possibly 'null'.
14:07:51.064 server/routes/suggestions.ts(233,33): error TS18047: 'db' is possibly 'null'.
14:07:51.064 server/routes/suggestions.ts(249,34): error TS18047: 'db' is possibly 'null'.
14:07:51.064 server/routes/suggestions.ts(264,42): error TS18047: 'db' is possibly 'null'.
14:07:51.064 server/routes/suggestions.ts(285,9): error TS18047: 'db' is possibly 'null'.
14:07:51.064 server/routes/suggestions.ts(286,9): error TS18047: 'db' is possibly 'null'.
14:07:51.064 server/routes/suggestions.ts(287,9): error TS18047: 'db' is possibly 'null'.
14:07:51.064 server/routes/suggestions.ts(362,15): error TS18047: 'db' is possibly 'null'.
14:07:51.065 server/routes/suggestions.ts(364,29): error TS18047: 'dbWorkout' is possibly 'null'.
14:07:51.065 server/routes/suggestions.ts(371,51): error TS18047: 'dbWorkout' is possibly 'null'.
14:07:51.065 server/routes/suggestions.ts(377,22): error TS18047: 'dbWorkout' is possibly 'null'.
14:07:51.065 server/routes/suggestions.ts(381,15): error TS18047: 'dbWorkout' is possibly 'null'.
14:07:51.065 server/routes/suggestions.ts(382,17): error TS18047: 'dbWorkout' is possibly 'null'.
14:07:51.065 
14:07:51.186 server/routes/workout-freeform.ts(215,36): error TS2339: Property 'generationId' does not exist on type '{ id: any; userId: any; title: any; request: any; sets: any; notes: any; completed: any; feedback: any; startedAt: any; createdAt: any; totalActiveMinutes: any; intensity: any; energySystem: any; }'.
14:07:51.186 
14:07:51.232 server/routes/whisper-transcription.ts(121,28): error TS2322: Type 'Buffer<ArrayBufferLike>' is not assignable to type 'BlobPart'.
14:07:51.232   Type 'Buffer<ArrayBufferLike>' is not assignable to type 'ArrayBufferView<ArrayBuffer>'.
14:07:51.233     Types of property 'buffer' are incompatible.
14:07:51.233       Type 'ArrayBufferLike' is not assignable to type 'ArrayBuffer'.
14:07:51.233         Type 'SharedArrayBuffer' is missing the following properties from type 'ArrayBuffer': resizable, resize, detached, transfer, transferToFixedLength
14:07:51.233 
14:07:52.149 server/routes/workout-generation.ts(170,34): error TS18047: 'db' is possibly 'null'.
14:07:52.149 server/routes/workout-generation.ts(219,34): error TS18047: 'db' is possibly 'null'.
14:07:52.149 
14:07:52.329 server/routes/workout-seeds.ts(149,36): error TS18047: 'db' is possibly 'null'.
14:07:52.329 
14:07:52.629 server/routes/health.ts(28,31): error TS18047: 'db' is possibly 'null'.
14:07:52.629 server/routes/health.ts(79,40): error TS18047: 'db' is possibly 'null'.
14:07:52.629 server/routes/health.ts(90,15): error TS18047: 'db' is possibly 'null'.
14:07:52.629 server/routes/health.ts(104,15): error TS18047: 'db' is possibly 'null'.
14:07:52.629 server/routes/health.ts(173,11): error TS18047: 'db' is possibly 'null'.
14:07:52.629 server/routes/health.ts(215,13): error TS18047: 'db' is possibly 'null'.
14:07:52.630 server/routes/health.ts(259,30): error TS18047: 'db' is possibly 'null'.
14:07:52.630 server/routes/health.ts(281,34): error TS18047: 'db' is possibly 'null'.
14:07:52.630 server/routes/health.ts(293,35): error TS18047: 'db' is possibly 'null'.
14:07:52.630 server/routes/health.ts(324,34): error TS18047: 'db' is possibly 'null'.
14:07:52.630 server/routes/health.ts(381,11): error TS18047: 'db' is possibly 'null'.
14:07:52.630 server/routes/health.ts(405,15): error TS18047: 'db' is possibly 'null'.
14:07:52.630 server/routes/health.ts(438,27): error TS18047: 'db' is possibly 'null'.
14:07:52.630 server/routes/health.ts(609,27): error TS18047: 'db' is possibly 'null'.
14:07:52.630 server/routes/health.ts(637,34): error TS18047: 'db' is possibly 'null'.
14:07:52.630 server/routes/health.ts(676,13): error TS18047: 'db' is possibly 'null'.
14:07:52.630 server/routes/health.ts(689,13): error TS18047: 'db' is possibly 'null'.
14:07:52.630 server/routes/health.ts(736,27): error TS18047: 'db' is possibly 'null'.
14:07:52.630 server/routes/health.ts(768,38): error TS18047: 'db' is possibly 'null'.
14:07:52.630 server/routes/health.ts(807,17): error TS18047: 'db' is possibly 'null'.
14:07:52.630 server/routes/health.ts(818,17): error TS18047: 'db' is possibly 'null'.
14:07:52.630 
14:07:52.646 server/routes/health-metrics.ts(20,24): error TS18047: 'db' is possibly 'null'.
14:07:52.647 
14:07:52.767 server/routes/push-native.ts(27,11): error TS18047: 'db' is possibly 'null'.
14:07:52.767 server/routes/push-native.ts(87,30): error TS18047: 'db' is possibly 'null'.
14:07:52.767 server/routes/push-native.ts(220,27): error TS18047: 'db' is possibly 'null'.
14:07:52.767 server/routes/push-native.ts(268,26): error TS18047: 'db' is possibly 'null'.
14:07:52.767 server/routes/push-native.ts(317,26): error TS18047: 'db' is possibly 'null'.
14:07:52.768 server/routes/push-native.ts(366,27): error TS18047: 'db' is possibly 'null'.
14:07:52.768 
14:07:52.823 server/routes/push.ts(27,11): error TS18047: 'db' is possibly 'null'.
14:07:52.824 server/routes/push.ts(84,26): error TS18047: 'db' is possibly 'null'.
14:07:52.824 server/routes/push.ts(132,33): error TS18047: 'db' is possibly 'null'.
14:07:52.824 
14:07:52.884 server/routes/notification-prefs.ts(25,11): error TS18047: 'db' is possibly 'null'.
14:07:52.884 server/routes/notification-prefs.ts(78,31): error TS18047: 'db' is possibly 'null'.
14:07:52.884 
14:07:52.919 server/routes/notifications-topics.ts(20,11): error TS18047: 'db' is possibly 'null'.
14:07:52.919 server/routes/notifications-topics.ts(48,26): error TS18047: 'db' is possibly 'null'.
14:07:52.919 
14:07:52.943 server/routes/cron-weekly.ts(50,34): error TS18047: 'db' is possibly 'null'.
14:07:52.943 
14:07:52.980 server/routes/healthz.ts(90,28): error TS18047: 'pool' is possibly 'null'.
14:07:52.980 
14:07:54.294 server/services/weeklyReport.ts(11,25): error TS18047: 'db' is possibly 'null'.
14:07:54.294 
14:07:54.672 server/dal/groupAchievements.ts(43,9): error TS18047: 'db' is possibly 'null'.
14:07:54.672 server/dal/groupAchievements.ts(51,24): error TS18047: 'db' is possibly 'null'.
14:07:54.672 server/dal/groupAchievements.ts(71,24): error TS18047: 'db' is possibly 'null'.
14:07:54.672 server/dal/groupAchievements.ts(90,24): error TS18047: 'db' is possibly 'null'.
14:07:54.672 server/dal/groupAchievements.ts(147,9): error TS18047: 'db' is possibly 'null'.
14:07:54.672 server/dal/groupAchievements.ts(162,16): error TS18047: 'db' is possibly 'null'.
14:07:54.672 
14:07:54.763 server/dal/reports.ts(169,15): error TS18047: 'db' is possibly 'null'.
14:07:54.763 server/dal/reports.ts(190,11): error TS18047: 'db' is possibly 'null'.
14:07:54.764 server/dal/reports.ts(208,26): error TS18047: 'db' is possibly 'null'.
14:07:54.764 server/dal/reports.ts(233,26): error TS18047: 'db' is possibly 'null'.
14:07:54.764 server/dal/reports.ts(257,9): error TS18047: 'db' is possibly 'null'.
14:07:54.764 server/dal/reports.ts(267,9): error TS18047: 'db' is possibly 'null'.
14:07:54.764 server/dal/reports.ts(285,26): error TS18047: 'db' is possibly 'null'.
14:07:54.764 server/dal/reports.ts(298,9): error TS18047: 'db' is possibly 'null'.
14:07:54.765 server/dal/reports.ts(312,27): error TS18047: 'db' is possibly 'null'.
14:07:54.765 server/dal/reports.ts(342,9): error TS18047: 'db' is possibly 'null'.
14:07:54.765 server/dal/reports.ts(356,28): error TS18047: 'db' is possibly 'null'.
14:07:54.765 server/dal/reports.ts(375,24): error TS18047: 'db' is possibly 'null'.
14:07:54.765 
14:07:54.786 server/dal/tokens.ts(22,26): error TS18047: 'db' is possibly 'null'.
14:07:54.787 server/dal/tokens.ts(33,11): error TS18047: 'db' is possibly 'null'.
14:07:54.788 server/dal/tokens.ts(48,11): error TS18047: 'db' is possibly 'null'.
14:07:54.788 server/dal/tokens.ts(65,29): error TS18047: 'db' is possibly 'null'.
14:07:54.788 server/dal/tokens.ts(91,9): error TS18047: 'db' is possibly 'null'.
14:07:54.788 
14:07:54.975 server/logic/suggestions.ts(33,29): error TS18047: 'db' is possibly 'null'.
14:07:54.975 server/logic/suggestions.ts(55,25): error TS18047: 'db' is possibly 'null'.
14:07:54.975 
14:07:55.109 server/scripts/backfill-axle.ts(40,27): error TS18047: 'db' is possibly 'null'.
14:07:55.109 server/scripts/backfill-axle.ts(110,15): error TS18047: 'db' is possibly 'null'.
14:07:55.109 
14:07:55.730 server/dal/profiles.ts(91,20): error TS18047: 'pool' is possibly 'null'.
14:07:55.730 server/dal/profiles.ts(245,26): error TS18047: 'pool' is possibly 'null'.
14:07:55.730 
14:07:55.947 server/services/workouts/createFromSeed.ts(42,34): error TS18047: 'db' is possibly 'null'.
14:07:55.947 
14:07:56.109 server/storage.ts(78,11): error TS2740: Type '{ userId: `${string}-${string}-${string}-${string}-${string}`; username: string | null; firstName: string | null; lastName: string | null; avatarUrl: string | null; dateOfBirth: string | null; preferredUnit: string; ... 5 more ...; createdAt: Date; }' is missing the following properties from type '{ userId: string; createdAt: Date | null; username: string | null; firstName: string | null; lastName: string | null; avatarUrl: string | null; dateOfBirth: string | null; ... 11 more ...; enableEmail: boolean; }': reportFrequency, reportWeeklyDay, reportMonthlyDay, reportDeliveryTime, and 2 more.
14:07:56.109 
14:07:56.555 server/providers/health/whoop.ts(167,30): error TS18047: 'db' is possibly 'null'.
14:07:56.556 
14:08:02.044 Build Completed in /vercel/output [1m]
14:08:02.704 Deploying outputs...
14:08:11.848 Deployment completed
14:08:12.492 Creating build cache...
14:10:44.931 Created build cache: 2:32.438 (m:ss.mmm)
14:10:44.931 Uploading build cache [126.14 MB]
14:10:46.573 Build cache uploaded: 1.642s